
Showing logs for build [32mcb-kubecd-environment-pr-249-12-hmchk-1[0m stage [32mfrom-build-pack[0m and container [32mstep-credential-initializer-pgks5[0m
{"level":"info","ts":1593830306.79648,"logger":"fallback-logger","caller":"logging/config.go:69","msg":"Fetch GitHub commit ID from kodata failed: open /var/run/ko/refs/heads/0.8.0-ns-support: no such file or directory"}
{"level":"info","ts":1593830306.800065,"logger":"fallback-logger","caller":"creds-init/main.go:40","msg":"Credentials initialized."}

Showing logs for build [32mcb-kubecd-environment-pr-249-12-hmchk-1[0m stage [32mfrom-build-pack[0m and container [32mstep-working-dir-initializer-nzfjt[0m
{"level":"info","ts":1593830307.5378575,"logger":"fallback-logger","caller":"logging/config.go:69","msg":"Fetch GitHub commit ID from kodata failed: open /var/run/ko/HEAD: no such file or directory"}
{"level":"info","ts":1593830307.5406744,"logger":"fallback-logger","caller":"bash/main.go:64","msg":"Successfully executed command \"sh -c mkdir -p /workspace/source\"; output "}

Showing logs for build [32mcb-kubecd-environment-pr-249-12-hmchk-1[0m stage [32mfrom-build-pack[0m and container [32mstep-place-tools[0m

Showing logs for build [32mcb-kubecd-environment-pr-249-12-hmchk-1[0m stage [32mfrom-build-pack[0m and container [32mstep-git-source-cb-kubecd-environment-pr-249-12-hmchk-bsqtw[0m
{"level":"info","ts":1593830312.6935382,"logger":"fallback-logger","caller":"logging/config.go:69","msg":"Fetch GitHub commit ID from kodata failed: open /var/run/ko/refs/heads/0.8.0-ns-support: no such file or directory"}
{"level":"info","ts":1593830313.726914,"logger":"fallback-logger","caller":"git/git.go:103","msg":"Successfully cloned https://github.com/cb-kubecd/environment-pr-249-12-gke-upgrade-staging.git @ master in path /workspace/source"}

Showing logs for build [32mcb-kubecd-environment-pr-249-12-hmchk-1[0m stage [32mfrom-build-pack[0m and container [32mstep-setup-builder-home[0m

Showing logs for build [32mcb-kubecd-environment-pr-249-12-hmchk-1[0m stage [32mfrom-build-pack[0m and container [32mstep-git-merge[0m
Using SHAs from PULL_REFS=master:253eb55a3945084032ea4c4e29cf49430be94f88,1:55f95ccd2f63281da1d3f2e64505d57a3ec19e5d
DEBUG: LC_ALL=C JX_LOG_LEVEL=error git fetch origin --unshallow 55f95ccd2f63281da1d3f2e64505d57a3ec19e5d: 253eb55a3945084032ea4c4e29cf49430be94f88:
DEBUG: ran git fetch --unshallow origin 55f95ccd2f63281da1d3f2e64505d57a3ec19e5d: 253eb55a3945084032ea4c4e29cf49430be94f88: in 
DEBUG: LC_ALL=C JX_LOG_LEVEL=error git branch
DEBUG: LC_ALL=C JX_LOG_LEVEL=error git checkout master
DEBUG: ran git checkout master in 
DEBUG: LC_ALL=C JX_LOG_LEVEL=error git reset --hard 253eb55a3945084032ea4c4e29cf49430be94f88
DEBUG: ran git reset --hard 253eb55a3945084032ea4c4e29cf49430be94f88 in 
DEBUG: LC_ALL=C JX_LOG_LEVEL=error git clean -fd .
DEBUG: ran clean --force -d . in 
DEBUG: LC_ALL=C JX_LOG_LEVEL=error git merge 55f95ccd2f63281da1d3f2e64505d57a3ec19e5d
DEBUG: ran git merge 55f95ccd2f63281da1d3f2e64505d57a3ec19e5d in 
DEBUG: LC_ALL=C JX_LOG_LEVEL=error git log --format=%H%x1f%an%x1f%ae%x1f%cn%x1f%ce%x1f%s%n%b%x1e 253eb55a3945084032ea4c4e29cf49430be94f88..HEAD
Merged SHA 55f95ccd2f63281da1d3f2e64505d57a3ec19e5d with commit message 'chore: Promote bdd-spring-1593829962 to version 0.0.1' into base branch master

Showing logs for build [32mcb-kubecd-environment-pr-249-12-hmchk-1[0m stage [32mfrom-build-pack[0m and container [32mstep-build-helm-build[0m
WARNING: No $CHART_REPOSITORY defined so using the default value of: http://jenkins-x-chartmuseum:8080
Adding missing Helm repo: storage.googleapis.com https://storage.googleapis.com/chartmuseum.jenkins-x.io
WARNING: No secrets found on "helm/repos" due: reading the secret "helm/repos" from vault: no secret "helm/repos" not found in vault
Read credentials for https://storage.googleapis.com/chartmuseum.jenkins-x.io from vault helm/repos
Successfully added Helm repository storage.googleapis.com.
Adding missing Helm repo: jenkins-x-chartmuseum http://jenkins-x-chartmuseum:8080
WARNING: No secrets found on "helm/repos" due: reading the secret "helm/repos" from vault: no secret "helm/repos" not found in vault
Read credentials for http://jenkins-x-chartmuseum:8080 from vault helm/repos
Successfully added Helm repository jenkins-x-chartmuseum.
WARNING: No $CHART_REPOSITORY defined so using the default value of: http://jenkins-x-chartmuseum:8080
Adding missing Helm repo: chartmuseum.jenkins-x.io http://chartmuseum.jenkins-x.io
WARNING: No secrets found on "helm/repos" due: reading the secret "helm/repos" from vault: no secret "helm/repos" not found in vault
Read credentials for http://chartmuseum.jenkins-x.io from vault helm/repos
Successfully added Helm repository chartmuseum.jenkins-x.io.
